<?xml version="1.0" encoding="UTF-8"?>
<testng-results ignored="0" total="2" passed="1" failed="1" skipped="0">
  <reporter-output>
  </reporter-output>
  <suite started-at="2024-08-26T08:29:22 IST" name="Main Test Suite" finished-at="2024-08-26T08:29:56 IST" duration-ms="34395">
    <groups>
    </groups>
    <test started-at="2024-08-26T08:29:22 IST" name="Extent Report Test" finished-at="2024-08-26T08:29:56 IST" duration-ms="34395">
      <class name="Framework.test.remove_product_cart_test">
        <test-method is-config="true" signature="navi_prod_cart()[pri:0, instance:Framework.test.remove_product_cart_test@4d5650ae]" started-at="2024-08-26T08:29:22 IST" name="navi_prod_cart" finished-at="2024-08-26T08:29:33 IST" duration-ms="11128" status="PASS">
          <reporter-output>
          </reporter-output>
        </test-method> <!-- navi_prod_cart -->
        <test-method signature="remove_product_cart()[pri:1, instance:Framework.test.remove_product_cart_test@4d5650ae]" started-at="2024-08-26T08:29:33 IST" name="remove_product_cart" finished-at="2024-08-26T08:29:56 IST" duration-ms="23038" status="PASS">
          <reporter-output>
          </reporter-output>
        </test-method> <!-- remove_product_cart -->
        <test-method signature="valid_empty_cart()[pri:2, instance:Framework.test.remove_product_cart_test@4d5650ae]" started-at="2024-08-26T08:29:56 IST" name="valid_empty_cart" finished-at="2024-08-26T08:29:56 IST" duration-ms="129" status="FAIL">
          <exception class="java.lang.AssertionError">
            <message>
              <![CDATA[expected [Cart is empty!] but found []]]>
            </message>
            <full-stacktrace>
              <![CDATA[java.lang.AssertionError: expected [Cart is empty!] but found []
at org.testng.Assert.fail(Assert.java:111)
at org.testng.Assert.failNotEquals(Assert.java:1578)
at org.testng.Assert.assertEqualsImpl(Assert.java:150)
at org.testng.Assert.assertEquals(Assert.java:132)
at org.testng.Assert.assertEquals(Assert.java:656)
at org.testng.Assert.assertEquals(Assert.java:666)
at Framework.test.remove_product_cart_test.valid_empty_cart(remove_product_cart_test.java:47)
at java.base/jdk.internal.reflect.NativeMethodAccessorImpl.invoke0(Native Method)
at java.base/jdk.internal.reflect.NativeMethodAccessorImpl.invoke(NativeMethodAccessorImpl.java:77)
at java.base/jdk.internal.reflect.DelegatingMethodAccessorImpl.invoke(DelegatingMethodAccessorImpl.java:43)
at java.base/java.lang.reflect.Method.invoke(Method.java:568)
at org.testng.internal.invokers.MethodInvocationHelper.invokeMethod(MethodInvocationHelper.java:139)
at org.testng.internal.invokers.TestInvoker.invokeMethod(TestInvoker.java:664)
at org.testng.internal.invokers.TestInvoker.invokeTestMethod(TestInvoker.java:227)
at org.testng.internal.invokers.MethodRunner.runInSequence(MethodRunner.java:50)
at org.testng.internal.invokers.TestInvoker$MethodInvocationAgent.invoke(TestInvoker.java:957)
at org.testng.internal.invokers.TestInvoker.invokeTestMethods(TestInvoker.java:200)
at org.testng.internal.invokers.TestMethodWorker.invokeTestMethods(TestMethodWorker.java:148)
at org.testng.internal.invokers.TestMethodWorker.run(TestMethodWorker.java:128)
at java.base/java.util.ArrayList.forEach(ArrayList.java:1511)
at org.testng.TestRunner.privateRun(TestRunner.java:848)
at org.testng.TestRunner.run(TestRunner.java:621)
at org.testng.SuiteRunner.runTest(SuiteRunner.java:443)
at org.testng.SuiteRunner.runSequentially(SuiteRunner.java:437)
at org.testng.SuiteRunner.privateRun(SuiteRunner.java:397)
at org.testng.SuiteRunner.run(SuiteRunner.java:336)
at org.testng.SuiteRunnerWorker.runSuite(SuiteRunnerWorker.java:52)
at org.testng.SuiteRunnerWorker.run(SuiteRunnerWorker.java:95)
at org.testng.TestNG.runSuitesSequentially(TestNG.java:1280)
at org.testng.TestNG.runSuitesLocally(TestNG.java:1200)
at org.testng.TestNG.runSuites(TestNG.java:1114)
at org.testng.TestNG.run(TestNG.java:1082)
at org.testng.remote.AbstractRemoteTestNG.run(AbstractRemoteTestNG.java:115)
at org.testng.remote.RemoteTestNG.initAndRun(RemoteTestNG.java:251)
at org.testng.remote.RemoteTestNG.main(RemoteTestNG.java:77)
]]>
            </full-stacktrace>
          </exception> <!-- java.lang.AssertionError -->
          <reporter-output>
          </reporter-output>
        </test-method> <!-- valid_empty_cart -->
      </class> <!-- Framework.test.remove_product_cart_test -->
    </test> <!-- Extent Report Test -->
  </suite> <!-- Main Test Suite -->
</testng-results>
